<?xml version="1.0" encoding="UTF-8"?>
<!-- Generated by org.testng.reporters.JUnitReportReporter -->
<testsuite hostname="IN-T62D640NC7.local" failures="0" tests="5" name="testClasses.GoogleMAPAPIsTest" time="9.852" errors="0" timestamp="2024-01-04T15:21:44 IST" skipped="0">
  <testcase classname="testClasses.GoogleMAPAPIsTest" name="verifyAddPlaceAPI" time="0.377"/>
  <system-out/>
  <testcase classname="testClasses.GoogleMAPAPIsTest" name="verifyAddPlaceAPI" time="4.253"/>
  <system-out/>
  <testcase classname="testClasses.GoogleMAPAPIsTest" name="verifyUpdatePlaceAPI" time="1.540"/>
  <system-out/>
  <testcase classname="testClasses.GoogleMAPAPIsTest" name="verifyGetPlaceAPI" time="1.268"/>
  <system-out/>
  <testcase classname="testClasses.GoogleMAPAPIsTest" name="verifyDeletePlaceAPI" time="2.414"/>
  <system-out/>
</testsuite> <!-- testClasses.GoogleMAPAPIsTest -->
