<?xml version="1.0" encoding="UTF-8"?>
<!-- Generated by org.testng.reporters.JUnitReportReporter -->
<testsuite hostname="IN-T62D640NC7.local" failures="0" tests="4" name="RestAssured.RA.GoogleMAPAPIsTest" time="2.552" errors="0" timestamp="2023-09-14T21:43:46 IST" skipped="0">
  <testcase classname="RestAssured.RA.GoogleMAPAPIsTest" name="verifyAddPlaceAPI" time="2.543"/>
  <system-out/>
  <testcase classname="RestAssured.RA.GoogleMAPAPIsTest" name="verifyGetPlaceAPI" time="0.001"/>
  <system-out/>
  <testcase classname="RestAssured.RA.GoogleMAPAPIsTest" name="verifyDeletePlaceAPI" time="0.004"/>
  <system-out/>
  <testcase classname="RestAssured.RA.GoogleMAPAPIsTest" name="verifyUpdatePlaceAPI" time="0.004"/>
  <system-out/>
</testsuite> <!-- RestAssured.RA.GoogleMAPAPIsTest -->
